<?xml version="1.0" encoding="UTF-8"?>
<testng-results ignored="0" total="2" passed="2" failed="0" skipped="0">
  <reporter-output>
  </reporter-output>
  <suite started-at="2024-08-15T11:58:23 IST" name="Surefire suite" finished-at="2024-08-15T11:58:46 IST" duration-ms="23857">
    <groups>
    </groups>
    <test started-at="2024-08-15T11:58:23 IST" name="Surefire test" finished-at="2024-08-15T11:58:46 IST" duration-ms="23857">
      <class name="WebTableTest.Test1">
        <test-method is-config="true" signature="BeforeTest()[pri:0, instance:WebTableTest.Test1@58f174d9]" started-at="2024-08-15T11:58:23 IST" name="BeforeTest" finished-at="2024-08-15T11:58:26 IST" duration-ms="3749" status="PASS">
          <reporter-output>
          </reporter-output>
        </test-method> <!-- BeforeTest -->
        <test-method signature="Test()[pri:0, instance:WebTableTest.Test1@58f174d9]" started-at="2024-08-15T11:58:26 IST" name="Test" finished-at="2024-08-15T11:58:41 IST" duration-ms="14836" status="PASS">
          <reporter-output>
          </reporter-output>
        </test-method> <!-- Test -->
        <test-method signature="Test2()[pri:0, instance:WebTableTest.Test1@58f174d9]" started-at="2024-08-15T11:58:41 IST" name="Test2" finished-at="2024-08-15T11:58:44 IST" duration-ms="2895" status="PASS">
          <reporter-output>
          </reporter-output>
        </test-method> <!-- Test2 -->
        <test-method is-config="true" signature="EndTest()[pri:0, instance:WebTableTest.Test1@58f174d9]" started-at="2024-08-15T11:58:44 IST" name="EndTest" finished-at="2024-08-15T11:58:46 IST" duration-ms="2309" status="PASS">
          <reporter-output>
          </reporter-output>
        </test-method> <!-- EndTest -->
      </class> <!-- WebTableTest.Test1 -->
    </test> <!-- Surefire test -->
  </suite> <!-- Surefire suite -->
</testng-results>
