<?xml version="1.0" encoding="UTF-8"?>
<testng-results ignored="0" total="2" passed="2" failed="0" skipped="0">
  <reporter-output>
  </reporter-output>
  <suite started-at="2024-08-15T11:54:44 IST" name="Default suite" finished-at="2024-08-15T11:55:11 IST" duration-ms="26647">
    <groups>
    </groups>
    <test started-at="2024-08-15T11:54:44 IST" name="Default test" finished-at="2024-08-15T11:55:11 IST" duration-ms="26647">
      <class name="WebTableTest.Test1">
        <test-method is-config="true" signature="BeforeTest()[pri:0, instance:WebTableTest.Test1@f973499]" started-at="2024-08-15T11:54:44 IST" name="BeforeTest" finished-at="2024-08-15T11:54:48 IST" duration-ms="3421" status="PASS">
          <reporter-output>
          </reporter-output>
        </test-method> <!-- BeforeTest -->
        <test-method signature="Test()[pri:0, instance:WebTableTest.Test1@f973499]" started-at="2024-08-15T11:54:48 IST" name="Test" finished-at="2024-08-15T11:55:02 IST" duration-ms="14736" status="PASS">
          <reporter-output>
          </reporter-output>
        </test-method> <!-- Test -->
        <test-method signature="Test2()[pri:0, instance:WebTableTest.Test1@f973499]" started-at="2024-08-15T11:55:02 IST" name="Test2" finished-at="2024-08-15T11:55:09 IST" duration-ms="6182" status="PASS">
          <reporter-output>
          </reporter-output>
        </test-method> <!-- Test2 -->
        <test-method is-config="true" signature="EndTest()[pri:0, instance:WebTableTest.Test1@f973499]" started-at="2024-08-15T11:55:09 IST" name="EndTest" finished-at="2024-08-15T11:55:11 IST" duration-ms="2266" status="PASS">
          <reporter-output>
          </reporter-output>
        </test-method> <!-- EndTest -->
      </class> <!-- WebTableTest.Test1 -->
    </test> <!-- Default test -->
  </suite> <!-- Default suite -->
</testng-results>
